<?xml version="1.0" encoding="UTF-8"?>
<!-- Generated by org.testng.reporters.JUnitReportReporter -->
<testsuite skipped="0" hostname="DESKTOP-D6P93GQ" name="com.salesforcetest.salesforceTestCase" tests="1" failures="0" timestamp="2023-02-20T17:10:23 PST" time="70.654" errors="0">
  <testcase name="TC_37_Blockingcalenderweeklyrecurrance" time="70.654" classname="com.salesforcetest.salesforceTestCase"/>
  <system-out/>
</testsuite> <!-- com.salesforcetest.salesforceTestCase -->
